[1.844s] Invoking command in '/home/robocon/NPIC01/src/robot_control': PYTHONPATH=/home/robocon/NPIC01/build/robot_control/prefix_override:/usr/lib/python3/dist-packages/colcon_core/task/python/colcon_distutils_commands:/home/robocon/NPIC01/install/robot_control/lib/python3.8/site-packages:${PYTHONPATH} /usr/bin/python3 -W ignore:setup.py install is deprecated setup.py egg_info --egg-base ../../build/robot_control build --build-base /home/robocon/NPIC01/build/robot_control/build install --record /home/robocon/NPIC01/build/robot_control/install.log --install-scripts $base/lib/robot_control --single-version-externally-managed install_data
[2.224s] running egg_info
[2.224s] writing ../../build/robot_control/robot_control.egg-info/PKG-INFO
[2.226s] writing dependency_links to ../../build/robot_control/robot_control.egg-info/dependency_links.txt
[2.226s] writing entry points to ../../build/robot_control/robot_control.egg-info/entry_points.txt
[2.227s] writing requirements to ../../build/robot_control/robot_control.egg-info/requires.txt
[2.227s] writing top-level names to ../../build/robot_control/robot_control.egg-info/top_level.txt
[2.270s] reading manifest file '../../build/robot_control/robot_control.egg-info/SOURCES.txt'
[2.271s] writing manifest file '../../build/robot_control/robot_control.egg-info/SOURCES.txt'
[2.272s] running build
[2.272s] running build_py
[2.272s] running install
[2.273s] running install_lib
[2.275s] running install_data
[2.275s] running install_egg_info
[2.277s] removing '/home/robocon/NPIC01/install/robot_control/lib/python3.8/site-packages/robot_control-0.0.0-py3.8.egg-info' (and everything under it)
[2.278s] Copying ../../build/robot_control/robot_control.egg-info to /home/robocon/NPIC01/install/robot_control/lib/python3.8/site-packages/robot_control-0.0.0-py3.8.egg-info
[2.279s] running install_scripts
[2.304s] writing list of installed files to '/home/robocon/NPIC01/build/robot_control/install.log'
[2.350s] Invoked command in '/home/robocon/NPIC01/src/robot_control' returned '0': PYTHONPATH=/home/robocon/NPIC01/build/robot_control/prefix_override:/usr/lib/python3/dist-packages/colcon_core/task/python/colcon_distutils_commands:/home/robocon/NPIC01/install/robot_control/lib/python3.8/site-packages:${PYTHONPATH} /usr/bin/python3 -W ignore:setup.py install is deprecated setup.py egg_info --egg-base ../../build/robot_control build --build-base /home/robocon/NPIC01/build/robot_control/build install --record /home/robocon/NPIC01/build/robot_control/install.log --install-scripts $base/lib/robot_control --single-version-externally-managed install_data
