[1.856s] Invoking command in '/home/robocon/NPIC01/robot_control': PYTHONPATH=/home/robocon/NPIC01/build/robot_control/prefix_override:/usr/lib/python3/dist-packages/colcon_core/task/python/colcon_distutils_commands:/home/robocon/NPIC01/install/robot_control/lib/python3.8/site-packages:${PYTHONPATH} /usr/bin/python3 -W ignore:setup.py install is deprecated setup.py egg_info --egg-base ../build/robot_control build --build-base /home/robocon/NPIC01/build/robot_control/build install --record /home/robocon/NPIC01/build/robot_control/install.log --install-scripts $base/lib/robot_control --single-version-externally-managed install_data
[2.187s] running egg_info
[2.187s] creating ../build/robot_control/robot_control.egg-info
[2.188s] writing ../build/robot_control/robot_control.egg-info/PKG-INFO
[2.188s] writing dependency_links to ../build/robot_control/robot_control.egg-info/dependency_links.txt
[2.188s] writing entry points to ../build/robot_control/robot_control.egg-info/entry_points.txt
[2.189s] writing requirements to ../build/robot_control/robot_control.egg-info/requires.txt
[2.189s] writing top-level names to ../build/robot_control/robot_control.egg-info/top_level.txt
[2.191s] writing manifest file '../build/robot_control/robot_control.egg-info/SOURCES.txt'
[2.235s] reading manifest file '../build/robot_control/robot_control.egg-info/SOURCES.txt'
[2.237s] writing manifest file '../build/robot_control/robot_control.egg-info/SOURCES.txt'
[2.237s] running build
[2.237s] running build_py
[2.237s] creating /home/robocon/NPIC01/build/robot_control/build
[2.237s] creating /home/robocon/NPIC01/build/robot_control/build/lib
[2.237s] creating /home/robocon/NPIC01/build/robot_control/build/lib/robot_control
[2.237s] copying robot_control/__init__.py -> /home/robocon/NPIC01/build/robot_control/build/lib/robot_control
[2.238s] running install
[2.239s] running install_lib
[2.240s] creating /home/robocon/NPIC01/install/robot_control/lib/python3.8/site-packages/robot_control
[2.241s] copying /home/robocon/NPIC01/build/robot_control/build/lib/robot_control/__init__.py -> /home/robocon/NPIC01/install/robot_control/lib/python3.8/site-packages/robot_control
[2.242s] byte-compiling /home/robocon/NPIC01/install/robot_control/lib/python3.8/site-packages/robot_control/__init__.py to __init__.cpython-38.pyc
[2.243s] running install_data
[2.244s] creating /home/robocon/NPIC01/install/robot_control/share/ament_index
[2.244s] creating /home/robocon/NPIC01/install/robot_control/share/ament_index/resource_index
[2.244s] creating /home/robocon/NPIC01/install/robot_control/share/ament_index/resource_index/packages
[2.244s] copying resource/robot_control -> /home/robocon/NPIC01/install/robot_control/share/ament_index/resource_index/packages
[2.244s] copying package.xml -> /home/robocon/NPIC01/install/robot_control/share/robot_control
[2.244s] running install_egg_info
[2.247s] Copying ../build/robot_control/robot_control.egg-info to /home/robocon/NPIC01/install/robot_control/lib/python3.8/site-packages/robot_control-0.0.0-py3.8.egg-info
[2.248s] running install_scripts
[2.278s] writing list of installed files to '/home/robocon/NPIC01/build/robot_control/install.log'
[2.346s] Invoked command in '/home/robocon/NPIC01/robot_control' returned '0': PYTHONPATH=/home/robocon/NPIC01/build/robot_control/prefix_override:/usr/lib/python3/dist-packages/colcon_core/task/python/colcon_distutils_commands:/home/robocon/NPIC01/install/robot_control/lib/python3.8/site-packages:${PYTHONPATH} /usr/bin/python3 -W ignore:setup.py install is deprecated setup.py egg_info --egg-base ../build/robot_control build --build-base /home/robocon/NPIC01/build/robot_control/build install --record /home/robocon/NPIC01/build/robot_control/install.log --install-scripts $base/lib/robot_control --single-version-externally-managed install_data
