running egg_info
writing ../../build/ball_tracking/ball_tracking.egg-info/PKG-INFO
writing dependency_links to ../../build/ball_tracking/ball_tracking.egg-info/dependency_links.txt
writing entry points to ../../build/ball_tracking/ball_tracking.egg-info/entry_points.txt
writing requirements to ../../build/ball_tracking/ball_tracking.egg-info/requires.txt
writing top-level names to ../../build/ball_tracking/ball_tracking.egg-info/top_level.txt
reading manifest file '../../build/ball_tracking/ball_tracking.egg-info/SOURCES.txt'
writing manifest file '../../build/ball_tracking/ball_tracking.egg-info/SOURCES.txt'
running build
running build_py
copying ball_tracking/ball_red.py -> /home/robocon/NPIC01/build/ball_tracking/build/lib/ball_tracking
copying ball_tracking/ball_blue.py -> /home/robocon/NPIC01/build/ball_tracking/build/lib/ball_tracking
running install
running install_lib
copying /home/robocon/NPIC01/build/ball_tracking/build/lib/ball_tracking/ball_red.py -> /home/robocon/NPIC01/install/ball_tracking/lib/python3.8/site-packages/ball_tracking
copying /home/robocon/NPIC01/build/ball_tracking/build/lib/ball_tracking/ball_blue.py -> /home/robocon/NPIC01/install/ball_tracking/lib/python3.8/site-packages/ball_tracking
byte-compiling /home/robocon/NPIC01/install/ball_tracking/lib/python3.8/site-packages/ball_tracking/ball_red.py to ball_red.cpython-38.pyc
byte-compiling /home/robocon/NPIC01/install/ball_tracking/lib/python3.8/site-packages/ball_tracking/ball_blue.py to ball_blue.cpython-38.pyc
running install_data
running install_egg_info
removing '/home/robocon/NPIC01/install/ball_tracking/lib/python3.8/site-packages/ball_tracking-0.0.0-py3.8.egg-info' (and everything under it)
Copying ../../build/ball_tracking/ball_tracking.egg-info to /home/robocon/NPIC01/install/ball_tracking/lib/python3.8/site-packages/ball_tracking-0.0.0-py3.8.egg-info
running install_scripts
writing list of installed files to '/home/robocon/NPIC01/build/ball_tracking/install.log'
