[1.768s] Invoking command in '/home/robocon/NPIC01/src/ball_tracking': PYTHONPATH=/home/robocon/NPIC01/build/ball_tracking/prefix_override:/usr/lib/python3/dist-packages/colcon_core/task/python/colcon_distutils_commands:/home/robocon/NPIC01/install/ball_tracking/lib/python3.8/site-packages:${PYTHONPATH} /usr/bin/python3 -W ignore:setup.py install is deprecated setup.py egg_info --egg-base ../../build/ball_tracking build --build-base /home/robocon/NPIC01/build/ball_tracking/build install --record /home/robocon/NPIC01/build/ball_tracking/install.log --install-scripts $base/lib/ball_tracking --single-version-externally-managed install_data
[2.104s] running egg_info
[2.104s] writing ../../build/ball_tracking/ball_tracking.egg-info/PKG-INFO
[2.105s] writing dependency_links to ../../build/ball_tracking/ball_tracking.egg-info/dependency_links.txt
[2.105s] writing entry points to ../../build/ball_tracking/ball_tracking.egg-info/entry_points.txt
[2.105s] writing requirements to ../../build/ball_tracking/ball_tracking.egg-info/requires.txt
[2.105s] writing top-level names to ../../build/ball_tracking/ball_tracking.egg-info/top_level.txt
[2.150s] reading manifest file '../../build/ball_tracking/ball_tracking.egg-info/SOURCES.txt'
[2.151s] writing manifest file '../../build/ball_tracking/ball_tracking.egg-info/SOURCES.txt'
[2.152s] running build
[2.152s] running build_py
[2.152s] copying ball_tracking/ball_red.py -> /home/robocon/NPIC01/build/ball_tracking/build/lib/ball_tracking
[2.152s] copying ball_tracking/ball_blue.py -> /home/robocon/NPIC01/build/ball_tracking/build/lib/ball_tracking
[2.152s] running install
[2.154s] running install_lib
[2.155s] copying /home/robocon/NPIC01/build/ball_tracking/build/lib/ball_tracking/ball_red.py -> /home/robocon/NPIC01/install/ball_tracking/lib/python3.8/site-packages/ball_tracking
[2.155s] copying /home/robocon/NPIC01/build/ball_tracking/build/lib/ball_tracking/ball_blue.py -> /home/robocon/NPIC01/install/ball_tracking/lib/python3.8/site-packages/ball_tracking
[2.156s] byte-compiling /home/robocon/NPIC01/install/ball_tracking/lib/python3.8/site-packages/ball_tracking/ball_red.py to ball_red.cpython-38.pyc
[2.157s] byte-compiling /home/robocon/NPIC01/install/ball_tracking/lib/python3.8/site-packages/ball_tracking/ball_blue.py to ball_blue.cpython-38.pyc
[2.158s] running install_data
[2.158s] running install_egg_info
[2.160s] removing '/home/robocon/NPIC01/install/ball_tracking/lib/python3.8/site-packages/ball_tracking-0.0.0-py3.8.egg-info' (and everything under it)
[2.161s] Copying ../../build/ball_tracking/ball_tracking.egg-info to /home/robocon/NPIC01/install/ball_tracking/lib/python3.8/site-packages/ball_tracking-0.0.0-py3.8.egg-info
[2.162s] running install_scripts
[2.189s] writing list of installed files to '/home/robocon/NPIC01/build/ball_tracking/install.log'
[2.236s] Invoked command in '/home/robocon/NPIC01/src/ball_tracking' returned '0': PYTHONPATH=/home/robocon/NPIC01/build/ball_tracking/prefix_override:/usr/lib/python3/dist-packages/colcon_core/task/python/colcon_distutils_commands:/home/robocon/NPIC01/install/ball_tracking/lib/python3.8/site-packages:${PYTHONPATH} /usr/bin/python3 -W ignore:setup.py install is deprecated setup.py egg_info --egg-base ../../build/ball_tracking build --build-base /home/robocon/NPIC01/build/ball_tracking/build install --record /home/robocon/NPIC01/build/ball_tracking/install.log --install-scripts $base/lib/ball_tracking --single-version-externally-managed install_data
