[0.333s] [34mcolcon[0m [1;30mDEBUG[0m [32mCommand line arguments: ['/usr/bin/colcon', 'build', '--symlink-install'][0m
[0.333s] [34mcolcon[0m [1;30mDEBUG[0m [32mParsed command line arguments: Namespace(allow_overriding=[], ament_cmake_args=None, base_paths=['.'], build_base='build', catkin_cmake_args=None, catkin_skip_building_tests=False, cmake_args=None, cmake_clean_cache=False, cmake_clean_first=False, cmake_force_configure=False, cmake_target=None, cmake_target_skip_unavailable=False, continue_on_error=False, event_handlers=None, executor='parallel', ignore_user_meta=False, install_base='install', log_base=None, log_level=None, main=<bound method BuildVerb.main of <colcon_core.verb.build.BuildVerb object at 0xffff949124f0>>, merge_install=False, metas=['./colcon.meta'], mixin=None, mixin_files=None, mixin_verb=('build',), packages_above=None, packages_above_and_dependencies=None, packages_above_depth=None, packages_end=None, packages_ignore=None, packages_ignore_regex=None, packages_select=None, packages_select_build_failed=False, packages_select_by_dep=None, packages_select_regex=None, packages_select_test_failures=False, packages_skip=None, packages_skip_build_finished=False, packages_skip_by_dep=None, packages_skip_regex=None, packages_skip_test_passed=False, packages_skip_up_to=None, packages_start=None, packages_up_to=None, packages_up_to_regex=None, parallel_workers=12, paths=None, symlink_install=True, test_result_base=None, verb_extension=<colcon_core.verb.build.BuildVerb object at 0xffff949124f0>, verb_name='build', verb_parser=<colcon_mixin.mixin.mixin_argument.MixinArgumentDecorator object at 0xffff9483b760>)[0m
[0.554s] [34mcolcon.colcon_core.package_discovery[0m [1;30mLevel 1[0m discover_packages(colcon_meta) check parameters
[0.555s] [34mcolcon.colcon_core.package_discovery[0m [1;30mLevel 1[0m discover_packages(recursive) check parameters
[0.555s] [34mcolcon.colcon_core.package_discovery[0m [1;30mLevel 1[0m discover_packages(ignore) check parameters
[0.555s] [34mcolcon.colcon_core.package_discovery[0m [1;30mLevel 1[0m discover_packages(path) check parameters
[0.555s] [34mcolcon.colcon_core.package_discovery[0m [1;30mLevel 1[0m discover_packages(colcon_meta) discover
[0.555s] [34mcolcon.colcon_core.package_discovery[0m [1;30mLevel 1[0m discover_packages(recursive) discover
[0.555s] [34mcolcon.colcon_core.package_discovery[0m [1;30mINFO[0m Crawling recursively for packages in '/home/robocon/NPIC01'
[0.555s] [34mcolcon.colcon_core.package_identification[0m [1;30mLevel 1[0m _identify(.) by extensions ['ignore', 'ignore_ament_install']
[0.555s] [34mcolcon.colcon_core.package_identification[0m [1;30mLevel 1[0m _identify(.) by extension 'ignore'
[0.556s] [34mcolcon.colcon_core.package_identification[0m [1;30mLevel 1[0m _identify(.) by extension 'ignore_ament_install'
[0.556s] [34mcolcon.colcon_core.package_identification[0m [1;30mLevel 1[0m _identify(.) by extensions ['colcon_pkg']
[0.556s] [34mcolcon.colcon_core.package_identification[0m [1;30mLevel 1[0m _identify(.) by extension 'colcon_pkg'
[0.556s] [34mcolcon.colcon_core.package_identification[0m [1;30mLevel 1[0m _identify(.) by extensions ['colcon_meta']
[0.556s] [34mcolcon.colcon_core.package_identification[0m [1;30mLevel 1[0m _identify(.) by extension 'colcon_meta'
[0.556s] [34mcolcon.colcon_core.package_identification[0m [1;30mLevel 1[0m _identify(.) by extensions ['ros']
[0.556s] [34mcolcon.colcon_core.package_identification[0m [1;30mLevel 1[0m _identify(.) by extension 'ros'
[0.574s] [34mcolcon.colcon_core.package_identification[0m [1;30mLevel 1[0m _identify(.) by extensions ['cmake', 'python']
[0.574s] [34mcolcon.colcon_core.package_identification[0m [1;30mLevel 1[0m _identify(.) by extension 'cmake'
[0.574s] [34mcolcon.colcon_core.package_identification[0m [1;30mLevel 1[0m _identify(.) by extension 'python'
[0.574s] [34mcolcon.colcon_core.package_identification[0m [1;30mLevel 1[0m _identify(.) by extensions ['python_setup_py']
[0.574s] [34mcolcon.colcon_core.package_identification[0m [1;30mLevel 1[0m _identify(.) by extension 'python_setup_py'
[0.575s] [34mcolcon.colcon_core.package_identification[0m [1;30mLevel 1[0m _identify(build) by extensions ['ignore', 'ignore_ament_install']
[0.575s] [34mcolcon.colcon_core.package_identification[0m [1;30mLevel 1[0m _identify(build) by extension 'ignore'
[0.575s] [34mcolcon.colcon_core.package_identification[0m [1;30mLevel 1[0m _identify(build) ignored
[0.575s] [34mcolcon.colcon_core.package_identification[0m [1;30mLevel 1[0m _identify(install) by extensions ['ignore', 'ignore_ament_install']
[0.575s] [34mcolcon.colcon_core.package_identification[0m [1;30mLevel 1[0m _identify(install) by extension 'ignore'
[0.575s] [34mcolcon.colcon_core.package_identification[0m [1;30mLevel 1[0m _identify(install) ignored
[0.575s] [34mcolcon.colcon_core.package_identification[0m [1;30mLevel 1[0m _identify(log) by extensions ['ignore', 'ignore_ament_install']
[0.576s] [34mcolcon.colcon_core.package_identification[0m [1;30mLevel 1[0m _identify(log) by extension 'ignore'
[0.576s] [34mcolcon.colcon_core.package_identification[0m [1;30mLevel 1[0m _identify(log) ignored
[0.576s] [34mcolcon.colcon_core.package_identification[0m [1;30mLevel 1[0m _identify(src) by extensions ['ignore', 'ignore_ament_install']
[0.576s] [34mcolcon.colcon_core.package_identification[0m [1;30mLevel 1[0m _identify(src) by extension 'ignore'
[0.576s] [34mcolcon.colcon_core.package_identification[0m [1;30mLevel 1[0m _identify(src) by extension 'ignore_ament_install'
[0.576s] [34mcolcon.colcon_core.package_identification[0m [1;30mLevel 1[0m _identify(src) by extensions ['colcon_pkg']
[0.576s] [34mcolcon.colcon_core.package_identification[0m [1;30mLevel 1[0m _identify(src) by extension 'colcon_pkg'
[0.576s] [34mcolcon.colcon_core.package_identification[0m [1;30mLevel 1[0m _identify(src) by extensions ['colcon_meta']
[0.576s] [34mcolcon.colcon_core.package_identification[0m [1;30mLevel 1[0m _identify(src) by extension 'colcon_meta'
[0.576s] [34mcolcon.colcon_core.package_identification[0m [1;30mLevel 1[0m _identify(src) by extensions ['ros']
[0.576s] [34mcolcon.colcon_core.package_identification[0m [1;30mLevel 1[0m _identify(src) by extension 'ros'
[0.577s] [34mcolcon.colcon_core.package_identification[0m [1;30mLevel 1[0m _identify(src) by extensions ['cmake', 'python']
[0.577s] [34mcolcon.colcon_core.package_identification[0m [1;30mLevel 1[0m _identify(src) by extension 'cmake'
[0.577s] [34mcolcon.colcon_core.package_identification[0m [1;30mLevel 1[0m _identify(src) by extension 'python'
[0.577s] [34mcolcon.colcon_core.package_identification[0m [1;30mLevel 1[0m _identify(src) by extensions ['python_setup_py']
[0.577s] [34mcolcon.colcon_core.package_identification[0m [1;30mLevel 1[0m _identify(src) by extension 'python_setup_py'
[0.577s] [34mcolcon.colcon_core.package_identification[0m [1;30mLevel 1[0m _identify(src/ball_tracking) by extensions ['ignore', 'ignore_ament_install']
[0.577s] [34mcolcon.colcon_core.package_identification[0m [1;30mLevel 1[0m _identify(src/ball_tracking) by extension 'ignore'
[0.577s] [34mcolcon.colcon_core.package_identification[0m [1;30mLevel 1[0m _identify(src/ball_tracking) by extension 'ignore_ament_install'
[0.577s] [34mcolcon.colcon_core.package_identification[0m [1;30mLevel 1[0m _identify(src/ball_tracking) by extensions ['colcon_pkg']
[0.577s] [34mcolcon.colcon_core.package_identification[0m [1;30mLevel 1[0m _identify(src/ball_tracking) by extension 'colcon_pkg'
[0.577s] [34mcolcon.colcon_core.package_identification[0m [1;30mLevel 1[0m _identify(src/ball_tracking) by extensions ['colcon_meta']
[0.577s] [34mcolcon.colcon_core.package_identification[0m [1;30mLevel 1[0m _identify(src/ball_tracking) by extension 'colcon_meta'
[0.577s] [34mcolcon.colcon_core.package_identification[0m [1;30mLevel 1[0m _identify(src/ball_tracking) by extensions ['ros']
[0.578s] [34mcolcon.colcon_core.package_identification[0m [1;30mLevel 1[0m _identify(src/ball_tracking) by extension 'ros'
[0.581s] [34mcolcon.colcon_core.package_identification[0m [1;30mDEBUG[0m [32mPackage 'src/ball_tracking' with type 'ros.ament_python' and name 'ball_tracking'[0m
[0.582s] [34mcolcon.colcon_core.package_identification[0m [1;30mLevel 1[0m _identify(src/robot_control) by extensions ['ignore', 'ignore_ament_install']
[0.582s] [34mcolcon.colcon_core.package_identification[0m [1;30mLevel 1[0m _identify(src/robot_control) by extension 'ignore'
[0.582s] [34mcolcon.colcon_core.package_identification[0m [1;30mLevel 1[0m _identify(src/robot_control) by extension 'ignore_ament_install'
[0.582s] [34mcolcon.colcon_core.package_identification[0m [1;30mLevel 1[0m _identify(src/robot_control) by extensions ['colcon_pkg']
[0.582s] [34mcolcon.colcon_core.package_identification[0m [1;30mLevel 1[0m _identify(src/robot_control) by extension 'colcon_pkg'
[0.582s] [34mcolcon.colcon_core.package_identification[0m [1;30mLevel 1[0m _identify(src/robot_control) by extensions ['colcon_meta']
[0.582s] [34mcolcon.colcon_core.package_identification[0m [1;30mLevel 1[0m _identify(src/robot_control) by extension 'colcon_meta'
[0.583s] [34mcolcon.colcon_core.package_identification[0m [1;30mLevel 1[0m _identify(src/robot_control) by extensions ['ros']
[0.583s] [34mcolcon.colcon_core.package_identification[0m [1;30mLevel 1[0m _identify(src/robot_control) by extension 'ros'
[0.583s] [34mcolcon.colcon_core.package_identification[0m [1;30mDEBUG[0m [32mPackage 'src/robot_control' with type 'ros.ament_python' and name 'robot_control'[0m
[0.584s] [34mcolcon.colcon_core.package_identification[0m [1;30mLevel 1[0m _identify(src/silo_tracking) by extensions ['ignore', 'ignore_ament_install']
[0.584s] [34mcolcon.colcon_core.package_identification[0m [1;30mLevel 1[0m _identify(src/silo_tracking) by extension 'ignore'
[0.584s] [34mcolcon.colcon_core.package_identification[0m [1;30mLevel 1[0m _identify(src/silo_tracking) by extension 'ignore_ament_install'
[0.584s] [34mcolcon.colcon_core.package_identification[0m [1;30mLevel 1[0m _identify(src/silo_tracking) by extensions ['colcon_pkg']
[0.584s] [34mcolcon.colcon_core.package_identification[0m [1;30mLevel 1[0m _identify(src/silo_tracking) by extension 'colcon_pkg'
[0.584s] [34mcolcon.colcon_core.package_identification[0m [1;30mLevel 1[0m _identify(src/silo_tracking) by extensions ['colcon_meta']
[0.584s] [34mcolcon.colcon_core.package_identification[0m [1;30mLevel 1[0m _identify(src/silo_tracking) by extension 'colcon_meta'
[0.584s] [34mcolcon.colcon_core.package_identification[0m [1;30mLevel 1[0m _identify(src/silo_tracking) by extensions ['ros']
[0.584s] [34mcolcon.colcon_core.package_identification[0m [1;30mLevel 1[0m _identify(src/silo_tracking) by extension 'ros'
[0.585s] [34mcolcon.colcon_core.package_identification[0m [1;30mDEBUG[0m [32mPackage 'src/silo_tracking' with type 'ros.ament_python' and name 'silo_tracking'[0m
[0.585s] [34mcolcon.colcon_core.package_discovery[0m [1;30mLevel 1[0m discover_packages(recursive) using defaults
[0.585s] [34mcolcon.colcon_core.package_discovery[0m [1;30mLevel 1[0m discover_packages(ignore) discover
[0.585s] [34mcolcon.colcon_core.package_discovery[0m [1;30mLevel 1[0m discover_packages(ignore) using defaults
[0.585s] [34mcolcon.colcon_core.package_discovery[0m [1;30mLevel 1[0m discover_packages(path) discover
[0.585s] [34mcolcon.colcon_core.package_discovery[0m [1;30mLevel 1[0m discover_packages(path) using defaults
[0.608s] [34mcolcon.colcon_core.package_discovery[0m [1;30mLevel 1[0m discover_packages(prefix_path) check parameters
[0.608s] [34mcolcon.colcon_core.package_discovery[0m [1;30mLevel 1[0m discover_packages(prefix_path) discover
[0.611s] [34mcolcon.colcon_installed_package_information.package_discovery[0m [1;30mDEBUG[0m [32mFound 3 installed packages in /home/robocon/NPIC01/install[0m
[0.612s] [34mcolcon.colcon_installed_package_information.package_discovery[0m [1;30mDEBUG[0m [32mFound 7 installed packages in /home/robocon/robocon/install[0m
[0.614s] [34mcolcon.colcon_installed_package_information.package_discovery[0m [1;30mDEBUG[0m [32mFound 256 installed packages in /opt/ros/foxy[0m
[0.616s] [34mcolcon.colcon_core.package_discovery[0m [1;30mLevel 1[0m discover_packages(prefix_path) using defaults
[0.724s] [34mcolcon.colcon_core.verb[0m [1;30mLevel 5[0m set package 'ball_tracking' build argument 'cmake_args' from command line to 'None'
[0.724s] [34mcolcon.colcon_core.verb[0m [1;30mLevel 5[0m set package 'ball_tracking' build argument 'cmake_target' from command line to 'None'
[0.724s] [34mcolcon.colcon_core.verb[0m [1;30mLevel 5[0m set package 'ball_tracking' build argument 'cmake_target_skip_unavailable' from command line to 'False'
[0.724s] [34mcolcon.colcon_core.verb[0m [1;30mLevel 5[0m set package 'ball_tracking' build argument 'cmake_clean_cache' from command line to 'False'
[0.724s] [34mcolcon.colcon_core.verb[0m [1;30mLevel 5[0m set package 'ball_tracking' build argument 'cmake_clean_first' from command line to 'False'
[0.724s] [34mcolcon.colcon_core.verb[0m [1;30mLevel 5[0m set package 'ball_tracking' build argument 'cmake_force_configure' from command line to 'False'
[0.724s] [34mcolcon.colcon_core.verb[0m [1;30mLevel 5[0m set package 'ball_tracking' build argument 'ament_cmake_args' from command line to 'None'
[0.724s] [34mcolcon.colcon_core.verb[0m [1;30mLevel 5[0m set package 'ball_tracking' build argument 'catkin_cmake_args' from command line to 'None'
[0.724s] [34mcolcon.colcon_core.verb[0m [1;30mLevel 5[0m set package 'ball_tracking' build argument 'catkin_skip_building_tests' from command line to 'False'
[0.724s] [34mcolcon.colcon_core.verb[0m [1;30mDEBUG[0m [32mBuilding package 'ball_tracking' with the following arguments: {'ament_cmake_args': None, 'build_base': '/home/robocon/NPIC01/build/ball_tracking', 'catkin_cmake_args': None, 'catkin_skip_building_tests': False, 'cmake_args': None, 'cmake_clean_cache': False, 'cmake_clean_first': False, 'cmake_force_configure': False, 'cmake_target': None, 'cmake_target_skip_unavailable': False, 'install_base': '/home/robocon/NPIC01/install/ball_tracking', 'merge_install': False, 'path': '/home/robocon/NPIC01/src/ball_tracking', 'symlink_install': True, 'test_result_base': None}[0m
[0.725s] [34mcolcon.colcon_core.verb[0m [1;30mLevel 5[0m set package 'robot_control' build argument 'cmake_args' from command line to 'None'
[0.725s] [34mcolcon.colcon_core.verb[0m [1;30mLevel 5[0m set package 'robot_control' build argument 'cmake_target' from command line to 'None'
[0.725s] [34mcolcon.colcon_core.verb[0m [1;30mLevel 5[0m set package 'robot_control' build argument 'cmake_target_skip_unavailable' from command line to 'False'
[0.725s] [34mcolcon.colcon_core.verb[0m [1;30mLevel 5[0m set package 'robot_control' build argument 'cmake_clean_cache' from command line to 'False'
[0.725s] [34mcolcon.colcon_core.verb[0m [1;30mLevel 5[0m set package 'robot_control' build argument 'cmake_clean_first' from command line to 'False'
[0.725s] [34mcolcon.colcon_core.verb[0m [1;30mLevel 5[0m set package 'robot_control' build argument 'cmake_force_configure' from command line to 'False'
[0.725s] [34mcolcon.colcon_core.verb[0m [1;30mLevel 5[0m set package 'robot_control' build argument 'ament_cmake_args' from command line to 'None'
[0.725s] [34mcolcon.colcon_core.verb[0m [1;30mLevel 5[0m set package 'robot_control' build argument 'catkin_cmake_args' from command line to 'None'
[0.725s] [34mcolcon.colcon_core.verb[0m [1;30mLevel 5[0m set package 'robot_control' build argument 'catkin_skip_building_tests' from command line to 'False'
[0.725s] [34mcolcon.colcon_core.verb[0m [1;30mDEBUG[0m [32mBuilding package 'robot_control' with the following arguments: {'ament_cmake_args': None, 'build_base': '/home/robocon/NPIC01/build/robot_control', 'catkin_cmake_args': None, 'catkin_skip_building_tests': False, 'cmake_args': None, 'cmake_clean_cache': False, 'cmake_clean_first': False, 'cmake_force_configure': False, 'cmake_target': None, 'cmake_target_skip_unavailable': False, 'install_base': '/home/robocon/NPIC01/install/robot_control', 'merge_install': False, 'path': '/home/robocon/NPIC01/src/robot_control', 'symlink_install': True, 'test_result_base': None}[0m
[0.726s] [34mcolcon.colcon_core.verb[0m [1;30mLevel 5[0m set package 'silo_tracking' build argument 'cmake_args' from command line to 'None'
[0.726s] [34mcolcon.colcon_core.verb[0m [1;30mLevel 5[0m set package 'silo_tracking' build argument 'cmake_target' from command line to 'None'
[0.726s] [34mcolcon.colcon_core.verb[0m [1;30mLevel 5[0m set package 'silo_tracking' build argument 'cmake_target_skip_unavailable' from command line to 'False'
[0.726s] [34mcolcon.colcon_core.verb[0m [1;30mLevel 5[0m set package 'silo_tracking' build argument 'cmake_clean_cache' from command line to 'False'
[0.726s] [34mcolcon.colcon_core.verb[0m [1;30mLevel 5[0m set package 'silo_tracking' build argument 'cmake_clean_first' from command line to 'False'
[0.726s] [34mcolcon.colcon_core.verb[0m [1;30mLevel 5[0m set package 'silo_tracking' build argument 'cmake_force_configure' from command line to 'False'
[0.726s] [34mcolcon.colcon_core.verb[0m [1;30mLevel 5[0m set package 'silo_tracking' build argument 'ament_cmake_args' from command line to 'None'
[0.726s] [34mcolcon.colcon_core.verb[0m [1;30mLevel 5[0m set package 'silo_tracking' build argument 'catkin_cmake_args' from command line to 'None'
[0.726s] [34mcolcon.colcon_core.verb[0m [1;30mLevel 5[0m set package 'silo_tracking' build argument 'catkin_skip_building_tests' from command line to 'False'
[0.726s] [34mcolcon.colcon_core.verb[0m [1;30mDEBUG[0m [32mBuilding package 'silo_tracking' with the following arguments: {'ament_cmake_args': None, 'build_base': '/home/robocon/NPIC01/build/silo_tracking', 'catkin_cmake_args': None, 'catkin_skip_building_tests': False, 'cmake_args': None, 'cmake_clean_cache': False, 'cmake_clean_first': False, 'cmake_force_configure': False, 'cmake_target': None, 'cmake_target_skip_unavailable': False, 'install_base': '/home/robocon/NPIC01/install/silo_tracking', 'merge_install': False, 'path': '/home/robocon/NPIC01/src/silo_tracking', 'symlink_install': True, 'test_result_base': None}[0m
[0.726s] [34mcolcon.colcon_core.executor[0m [1;30mINFO[0m Executing jobs using 'parallel' executor
[0.728s] [34mcolcon.colcon_parallel_executor.executor.parallel[0m [1;30mDEBUG[0m [32mrun_until_complete[0m
[0.728s] [34mcolcon.colcon_ros.task.ament_python.build[0m [1;30mINFO[0m Building ROS package in '/home/robocon/NPIC01/src/ball_tracking' with build type 'ament_python'
[0.729s] [34mcolcon.colcon_core.shell[0m [1;30mLevel 1[0m create_environment_hook('ball_tracking', 'ament_prefix_path')
[0.732s] [34mcolcon.colcon_core.plugin_system[0m [1;30mINFO[0m Skipping extension 'colcon_core.shell.bat': Not used on non-Windows systems
[0.732s] [34mcolcon.colcon_core.shell[0m [1;30mINFO[0m Creating environment hook '/home/robocon/NPIC01/install/ball_tracking/share/ball_tracking/hook/ament_prefix_path.ps1'
[0.733s] [34mcolcon.colcon_core.shell[0m [1;30mINFO[0m Creating environment descriptor '/home/robocon/NPIC01/install/ball_tracking/share/ball_tracking/hook/ament_prefix_path.dsv'
[0.734s] [34mcolcon.colcon_core.shell[0m [1;30mINFO[0m Creating environment hook '/home/robocon/NPIC01/install/ball_tracking/share/ball_tracking/hook/ament_prefix_path.sh'
[0.735s] [34mcolcon.colcon_core.shell[0m [1;30mINFO[0m Skip shell extension 'powershell' for command environment: Not usable outside of PowerShell
[0.735s] [34mcolcon.colcon_core.shell[0m [1;30mDEBUG[0m [32mSkip shell extension 'dsv' for command environment[0m
[0.744s] [34mcolcon.colcon_ros.task.ament_python.build[0m [1;30mINFO[0m Building ROS package in '/home/robocon/NPIC01/src/robot_control' with build type 'ament_python'
[0.745s] [34mcolcon.colcon_core.shell[0m [1;30mLevel 1[0m create_environment_hook('robot_control', 'ament_prefix_path')
[0.745s] [34mcolcon.colcon_core.shell[0m [1;30mINFO[0m Creating environment hook '/home/robocon/NPIC01/install/robot_control/share/robot_control/hook/ament_prefix_path.ps1'
[0.747s] [34mcolcon.colcon_core.shell[0m [1;30mINFO[0m Creating environment descriptor '/home/robocon/NPIC01/install/robot_control/share/robot_control/hook/ament_prefix_path.dsv'
[0.747s] [34mcolcon.colcon_core.shell[0m [1;30mINFO[0m Creating environment hook '/home/robocon/NPIC01/install/robot_control/share/robot_control/hook/ament_prefix_path.sh'
[0.748s] [34mcolcon.colcon_core.shell[0m [1;30mINFO[0m Skip shell extension 'powershell' for command environment: Not usable outside of PowerShell
[0.748s] [34mcolcon.colcon_core.shell[0m [1;30mDEBUG[0m [32mSkip shell extension 'dsv' for command environment[0m
[0.756s] [34mcolcon.colcon_ros.task.ament_python.build[0m [1;30mINFO[0m Building ROS package in '/home/robocon/NPIC01/src/silo_tracking' with build type 'ament_python'
[0.757s] [34mcolcon.colcon_core.shell[0m [1;30mLevel 1[0m create_environment_hook('silo_tracking', 'ament_prefix_path')
[0.758s] [34mcolcon.colcon_core.shell[0m [1;30mINFO[0m Creating environment hook '/home/robocon/NPIC01/install/silo_tracking/share/silo_tracking/hook/ament_prefix_path.ps1'
[0.759s] [34mcolcon.colcon_core.shell[0m [1;30mINFO[0m Creating environment descriptor '/home/robocon/NPIC01/install/silo_tracking/share/silo_tracking/hook/ament_prefix_path.dsv'
[0.759s] [34mcolcon.colcon_core.shell[0m [1;30mINFO[0m Creating environment hook '/home/robocon/NPIC01/install/silo_tracking/share/silo_tracking/hook/ament_prefix_path.sh'
[0.760s] [34mcolcon.colcon_core.shell[0m [1;30mINFO[0m Skip shell extension 'powershell' for command environment: Not usable outside of PowerShell
[0.760s] [34mcolcon.colcon_core.shell[0m [1;30mDEBUG[0m [32mSkip shell extension 'dsv' for command environment[0m
[1.133s] [34mcolcon.colcon_core.task.python.build[0m [1;30mINFO[0m Building Python package in '/home/robocon/NPIC01/src/ball_tracking'
[1.134s] [34mcolcon.colcon_core.shell[0m [1;30mINFO[0m Skip shell extension 'powershell' for command environment: Not usable outside of PowerShell
[1.134s] [34mcolcon.colcon_core.shell[0m [1;30mDEBUG[0m [32mSkip shell extension 'dsv' for command environment[0m
[1.520s] [34mcolcon.colcon_core.task.python.build[0m [1;30mINFO[0m Building Python package in '/home/robocon/NPIC01/src/robot_control'
[1.520s] [34mcolcon.colcon_core.shell[0m [1;30mINFO[0m Skip shell extension 'powershell' for command environment: Not usable outside of PowerShell
[1.521s] [34mcolcon.colcon_core.shell[0m [1;30mDEBUG[0m [32mSkip shell extension 'dsv' for command environment[0m
[1.891s] [34mcolcon.colcon_core.task.python.build[0m [1;30mINFO[0m Building Python package in '/home/robocon/NPIC01/src/silo_tracking'
[1.892s] [34mcolcon.colcon_core.shell[0m [1;30mINFO[0m Skip shell extension 'powershell' for command environment: Not usable outside of PowerShell
[1.892s] [34mcolcon.colcon_core.shell[0m [1;30mDEBUG[0m [32mSkip shell extension 'dsv' for command environment[0m
[2.526s] [34mcolcon.colcon_core.event_handler.log_command[0m [1;30mDEBUG[0m [32mInvoking command in '/home/robocon/NPIC01/build/robot_control': PYTHONPATH=/home/robocon/NPIC01/build/robot_control/prefix_override:/usr/lib/python3/dist-packages/colcon_core/task/python/colcon_distutils_commands:/home/robocon/NPIC01/install/robot_control/lib/python3.8/site-packages:${PYTHONPATH} /usr/bin/python3 -W ignore:setup.py install is deprecated setup.py develop --editable --build-directory /home/robocon/NPIC01/build/robot_control/build --no-deps symlink_data[0m
[2.540s] [34mcolcon.colcon_core.event_handler.log_command[0m [1;30mDEBUG[0m [32mInvoking command in '/home/robocon/NPIC01/build/ball_tracking': PYTHONPATH=/home/robocon/NPIC01/build/ball_tracking/prefix_override:/usr/lib/python3/dist-packages/colcon_core/task/python/colcon_distutils_commands:/home/robocon/NPIC01/install/ball_tracking/lib/python3.8/site-packages:${PYTHONPATH} /usr/bin/python3 -W ignore:setup.py install is deprecated setup.py develop --editable --build-directory /home/robocon/NPIC01/build/ball_tracking/build --no-deps symlink_data[0m
[2.557s] [34mcolcon.colcon_core.event_handler.log_command[0m [1;30mDEBUG[0m [32mInvoking command in '/home/robocon/NPIC01/build/silo_tracking': PYTHONPATH=/home/robocon/NPIC01/build/silo_tracking/prefix_override:/usr/lib/python3/dist-packages/colcon_core/task/python/colcon_distutils_commands:/home/robocon/NPIC01/install/silo_tracking/lib/python3.8/site-packages:${PYTHONPATH} /usr/bin/python3 -W ignore:setup.py install is deprecated setup.py develop --editable --build-directory /home/robocon/NPIC01/build/silo_tracking/build --no-deps symlink_data[0m
[3.295s] [34mcolcon.colcon_core.shell[0m [1;30mLevel 1[0m create_environment_hook('ball_tracking', 'pythonpath_develop')
[3.296s] [34mcolcon.colcon_core.shell[0m [1;30mINFO[0m Creating environment hook '/home/robocon/NPIC01/build/ball_tracking/share/ball_tracking/hook/pythonpath_develop.ps1'
[3.297s] [34mcolcon.colcon_core.event_handler.log_command[0m [1;30mDEBUG[0m [32mInvoked command in '/home/robocon/NPIC01/build/ball_tracking' returned '0': PYTHONPATH=/home/robocon/NPIC01/build/ball_tracking/prefix_override:/usr/lib/python3/dist-packages/colcon_core/task/python/colcon_distutils_commands:/home/robocon/NPIC01/install/ball_tracking/lib/python3.8/site-packages:${PYTHONPATH} /usr/bin/python3 -W ignore:setup.py install is deprecated setup.py develop --editable --build-directory /home/robocon/NPIC01/build/ball_tracking/build --no-deps symlink_data[0m
[3.298s] [34mcolcon.colcon_core.shell[0m [1;30mINFO[0m Creating environment descriptor '/home/robocon/NPIC01/build/ball_tracking/share/ball_tracking/hook/pythonpath_develop.dsv'
[3.298s] [34mcolcon.colcon_core.shell[0m [1;30mINFO[0m Creating environment hook '/home/robocon/NPIC01/build/ball_tracking/share/ball_tracking/hook/pythonpath_develop.sh'
[3.303s] [34mcolcon.colcon_core.environment[0m [1;30mLevel 1[0m checking '/home/robocon/NPIC01/install/ball_tracking' for CMake module files
[3.304s] [34mcolcon.colcon_core.environment[0m [1;30mLevel 1[0m checking '/home/robocon/NPIC01/install/ball_tracking' for CMake config files
[3.305s] [34mcolcon.colcon_core.environment[0m [1;30mLevel 1[0m checking '/home/robocon/NPIC01/install/ball_tracking/lib'
[3.305s] [34mcolcon.colcon_core.environment[0m [1;30mLevel 1[0m checking '/home/robocon/NPIC01/install/ball_tracking/bin'
[3.306s] [34mcolcon.colcon_core.environment[0m [1;30mLevel 1[0m checking '/home/robocon/NPIC01/install/ball_tracking/lib/pkgconfig/ball_tracking.pc'
[3.306s] [34mcolcon.colcon_core.environment[0m [1;30mLevel 1[0m checking '/home/robocon/NPIC01/install/ball_tracking/lib/python3.8/site-packages'
[3.306s] [34mcolcon.colcon_core.shell[0m [1;30mLevel 1[0m create_environment_hook('ball_tracking', 'pythonpath')
[3.306s] [34mcolcon.colcon_core.shell[0m [1;30mINFO[0m Creating environment hook '/home/robocon/NPIC01/install/ball_tracking/share/ball_tracking/hook/pythonpath.ps1'
[3.307s] [34mcolcon.colcon_core.shell[0m [1;30mINFO[0m Creating environment descriptor '/home/robocon/NPIC01/install/ball_tracking/share/ball_tracking/hook/pythonpath.dsv'
[3.308s] [34mcolcon.colcon_core.shell[0m [1;30mINFO[0m Creating environment hook '/home/robocon/NPIC01/install/ball_tracking/share/ball_tracking/hook/pythonpath.sh'
[3.308s] [34mcolcon.colcon_core.environment[0m [1;30mLevel 1[0m checking '/home/robocon/NPIC01/install/ball_tracking/bin'
[3.308s] [34mcolcon.colcon_core.environment[0m [1;30mLevel 1[0m create_environment_scripts_only(ball_tracking)
[3.309s] [34mcolcon.colcon_core.shell[0m [1;30mINFO[0m Creating package script '/home/robocon/NPIC01/install/ball_tracking/share/ball_tracking/package.ps1'
[3.310s] [34mcolcon.colcon_core.shell[0m [1;30mINFO[0m Creating package descriptor '/home/robocon/NPIC01/install/ball_tracking/share/ball_tracking/package.dsv'
[3.311s] [34mcolcon.colcon_core.shell[0m [1;30mINFO[0m Creating package script '/home/robocon/NPIC01/install/ball_tracking/share/ball_tracking/package.sh'
[3.312s] [34mcolcon.colcon_core.shell[0m [1;30mINFO[0m Creating package script '/home/robocon/NPIC01/install/ball_tracking/share/ball_tracking/package.bash'
[3.313s] [34mcolcon.colcon_core.shell[0m [1;30mINFO[0m Creating package script '/home/robocon/NPIC01/install/ball_tracking/share/ball_tracking/package.zsh'
[3.314s] [34mcolcon.colcon_core.environment[0m [1;30mLevel 1[0m create_file_with_runtime_dependencies(/home/robocon/NPIC01/install/ball_tracking/share/colcon-core/packages/ball_tracking)
[3.316s] [34mcolcon.colcon_core.shell[0m [1;30mLevel 1[0m create_environment_hook('silo_tracking', 'pythonpath_develop')
[3.316s] [34mcolcon.colcon_core.shell[0m [1;30mINFO[0m Creating environment hook '/home/robocon/NPIC01/build/silo_tracking/share/silo_tracking/hook/pythonpath_develop.ps1'
[3.317s] [34mcolcon.colcon_core.event_handler.log_command[0m [1;30mDEBUG[0m [32mInvoked command in '/home/robocon/NPIC01/build/silo_tracking' returned '0': PYTHONPATH=/home/robocon/NPIC01/build/silo_tracking/prefix_override:/usr/lib/python3/dist-packages/colcon_core/task/python/colcon_distutils_commands:/home/robocon/NPIC01/install/silo_tracking/lib/python3.8/site-packages:${PYTHONPATH} /usr/bin/python3 -W ignore:setup.py install is deprecated setup.py develop --editable --build-directory /home/robocon/NPIC01/build/silo_tracking/build --no-deps symlink_data[0m
[3.317s] [34mcolcon.colcon_core.shell[0m [1;30mINFO[0m Creating environment descriptor '/home/robocon/NPIC01/build/silo_tracking/share/silo_tracking/hook/pythonpath_develop.dsv'
[3.318s] [34mcolcon.colcon_core.shell[0m [1;30mINFO[0m Creating environment hook '/home/robocon/NPIC01/build/silo_tracking/share/silo_tracking/hook/pythonpath_develop.sh'
[3.319s] [34mcolcon.colcon_core.environment[0m [1;30mLevel 1[0m checking '/home/robocon/NPIC01/install/silo_tracking' for CMake module files
[3.319s] [34mcolcon.colcon_core.environment[0m [1;30mLevel 1[0m checking '/home/robocon/NPIC01/install/silo_tracking' for CMake config files
[3.320s] [34mcolcon.colcon_core.environment[0m [1;30mLevel 1[0m checking '/home/robocon/NPIC01/install/silo_tracking/lib'
[3.320s] [34mcolcon.colcon_core.environment[0m [1;30mLevel 1[0m checking '/home/robocon/NPIC01/install/silo_tracking/bin'
[3.320s] [34mcolcon.colcon_core.environment[0m [1;30mLevel 1[0m checking '/home/robocon/NPIC01/install/silo_tracking/lib/pkgconfig/silo_tracking.pc'
[3.321s] [34mcolcon.colcon_core.environment[0m [1;30mLevel 1[0m checking '/home/robocon/NPIC01/install/silo_tracking/lib/python3.8/site-packages'
[3.321s] [34mcolcon.colcon_core.shell[0m [1;30mLevel 1[0m create_environment_hook('silo_tracking', 'pythonpath')
[3.321s] [34mcolcon.colcon_core.shell[0m [1;30mINFO[0m Creating environment hook '/home/robocon/NPIC01/install/silo_tracking/share/silo_tracking/hook/pythonpath.ps1'
[3.322s] [34mcolcon.colcon_core.shell[0m [1;30mINFO[0m Creating environment descriptor '/home/robocon/NPIC01/install/silo_tracking/share/silo_tracking/hook/pythonpath.dsv'
[3.322s] [34mcolcon.colcon_core.shell[0m [1;30mINFO[0m Creating environment hook '/home/robocon/NPIC01/install/silo_tracking/share/silo_tracking/hook/pythonpath.sh'
[3.323s] [34mcolcon.colcon_core.environment[0m [1;30mLevel 1[0m checking '/home/robocon/NPIC01/install/silo_tracking/bin'
[3.323s] [34mcolcon.colcon_core.environment[0m [1;30mLevel 1[0m create_environment_scripts_only(silo_tracking)
[3.323s] [34mcolcon.colcon_core.shell[0m [1;30mINFO[0m Creating package script '/home/robocon/NPIC01/install/silo_tracking/share/silo_tracking/package.ps1'
[3.324s] [34mcolcon.colcon_core.shell[0m [1;30mINFO[0m Creating package descriptor '/home/robocon/NPIC01/install/silo_tracking/share/silo_tracking/package.dsv'
[3.325s] [34mcolcon.colcon_core.shell[0m [1;30mINFO[0m Creating package script '/home/robocon/NPIC01/install/silo_tracking/share/silo_tracking/package.sh'
[3.325s] [34mcolcon.colcon_core.shell[0m [1;30mINFO[0m Creating package script '/home/robocon/NPIC01/install/silo_tracking/share/silo_tracking/package.bash'
[3.326s] [34mcolcon.colcon_core.shell[0m [1;30mINFO[0m Creating package script '/home/robocon/NPIC01/install/silo_tracking/share/silo_tracking/package.zsh'
[3.326s] [34mcolcon.colcon_core.environment[0m [1;30mLevel 1[0m create_file_with_runtime_dependencies(/home/robocon/NPIC01/install/silo_tracking/share/colcon-core/packages/silo_tracking)
[3.401s] [34mcolcon.colcon_core.shell[0m [1;30mLevel 1[0m create_environment_hook('robot_control', 'pythonpath_develop')
[3.401s] [34mcolcon.colcon_core.shell[0m [1;30mINFO[0m Creating environment hook '/home/robocon/NPIC01/build/robot_control/share/robot_control/hook/pythonpath_develop.ps1'
[3.402s] [34mcolcon.colcon_core.event_handler.log_command[0m [1;30mDEBUG[0m [32mInvoked command in '/home/robocon/NPIC01/build/robot_control' returned '0': PYTHONPATH=/home/robocon/NPIC01/build/robot_control/prefix_override:/usr/lib/python3/dist-packages/colcon_core/task/python/colcon_distutils_commands:/home/robocon/NPIC01/install/robot_control/lib/python3.8/site-packages:${PYTHONPATH} /usr/bin/python3 -W ignore:setup.py install is deprecated setup.py develop --editable --build-directory /home/robocon/NPIC01/build/robot_control/build --no-deps symlink_data[0m
[3.403s] [34mcolcon.colcon_core.shell[0m [1;30mINFO[0m Creating environment descriptor '/home/robocon/NPIC01/build/robot_control/share/robot_control/hook/pythonpath_develop.dsv'
[3.403s] [34mcolcon.colcon_core.shell[0m [1;30mINFO[0m Creating environment hook '/home/robocon/NPIC01/build/robot_control/share/robot_control/hook/pythonpath_develop.sh'
[3.404s] [34mcolcon.colcon_core.environment[0m [1;30mLevel 1[0m checking '/home/robocon/NPIC01/install/robot_control' for CMake module files
[3.404s] [34mcolcon.colcon_core.environment[0m [1;30mLevel 1[0m checking '/home/robocon/NPIC01/install/robot_control' for CMake config files
[3.405s] [34mcolcon.colcon_core.environment[0m [1;30mLevel 1[0m checking '/home/robocon/NPIC01/install/robot_control/lib'
[3.405s] [34mcolcon.colcon_core.environment[0m [1;30mLevel 1[0m checking '/home/robocon/NPIC01/install/robot_control/bin'
[3.405s] [34mcolcon.colcon_core.environment[0m [1;30mLevel 1[0m checking '/home/robocon/NPIC01/install/robot_control/lib/pkgconfig/robot_control.pc'
[3.406s] [34mcolcon.colcon_core.environment[0m [1;30mLevel 1[0m checking '/home/robocon/NPIC01/install/robot_control/lib/python3.8/site-packages'
[3.406s] [34mcolcon.colcon_core.shell[0m [1;30mLevel 1[0m create_environment_hook('robot_control', 'pythonpath')
[3.406s] [34mcolcon.colcon_core.shell[0m [1;30mINFO[0m Creating environment hook '/home/robocon/NPIC01/install/robot_control/share/robot_control/hook/pythonpath.ps1'
[3.407s] [34mcolcon.colcon_core.shell[0m [1;30mINFO[0m Creating environment descriptor '/home/robocon/NPIC01/install/robot_control/share/robot_control/hook/pythonpath.dsv'
[3.407s] [34mcolcon.colcon_core.shell[0m [1;30mINFO[0m Creating environment hook '/home/robocon/NPIC01/install/robot_control/share/robot_control/hook/pythonpath.sh'
[3.408s] [34mcolcon.colcon_core.environment[0m [1;30mLevel 1[0m checking '/home/robocon/NPIC01/install/robot_control/bin'
[3.408s] [34mcolcon.colcon_core.environment[0m [1;30mLevel 1[0m create_environment_scripts_only(robot_control)
[3.409s] [34mcolcon.colcon_core.shell[0m [1;30mINFO[0m Creating package script '/home/robocon/NPIC01/install/robot_control/share/robot_control/package.ps1'
[3.409s] [34mcolcon.colcon_core.shell[0m [1;30mINFO[0m Creating package descriptor '/home/robocon/NPIC01/install/robot_control/share/robot_control/package.dsv'
[3.410s] [34mcolcon.colcon_core.shell[0m [1;30mINFO[0m Creating package script '/home/robocon/NPIC01/install/robot_control/share/robot_control/package.sh'
[3.411s] [34mcolcon.colcon_core.shell[0m [1;30mINFO[0m Creating package script '/home/robocon/NPIC01/install/robot_control/share/robot_control/package.bash'
[3.411s] [34mcolcon.colcon_core.shell[0m [1;30mINFO[0m Creating package script '/home/robocon/NPIC01/install/robot_control/share/robot_control/package.zsh'
[3.412s] [34mcolcon.colcon_core.environment[0m [1;30mLevel 1[0m create_file_with_runtime_dependencies(/home/robocon/NPIC01/install/robot_control/share/colcon-core/packages/robot_control)
[3.412s] [34mcolcon.colcon_parallel_executor.executor.parallel[0m [1;30mDEBUG[0m [32mclosing loop[0m
[3.412s] [34mcolcon.colcon_parallel_executor.executor.parallel[0m [1;30mDEBUG[0m [32mloop closed[0m
[3.413s] [34mcolcon.colcon_parallel_executor.executor.parallel[0m [1;30mDEBUG[0m [32mrun_until_complete finished with '0'[0m
[3.413s] [34mcolcon.colcon_core.event_reactor[0m [1;30mDEBUG[0m [32mjoining thread[0m
[3.421s] [34mcolcon.colcon_core.plugin_system[0m [1;30mINFO[0m Skipping extension 'colcon_notification.desktop_notification.terminal_notifier': Not used on non-Darwin systems
[3.421s] [34mcolcon.colcon_core.plugin_system[0m [1;30mINFO[0m Skipping extension 'colcon_notification.desktop_notification.win32': Not used on non-Windows systems
[3.421s] [34mcolcon.colcon_notification.desktop_notification[0m [1;30mINFO[0m Sending desktop notification using 'notify2'
[3.447s] [34mcolcon.colcon_core.event_reactor[0m [1;30mDEBUG[0m [32mjoined thread[0m
[3.448s] [34mcolcon.colcon_core.shell[0m [1;30mINFO[0m Creating prefix script '/home/robocon/NPIC01/install/local_setup.ps1'
[3.449s] [34mcolcon.colcon_core.shell[0m [1;30mINFO[0m Creating prefix util module '/home/robocon/NPIC01/install/_local_setup_util_ps1.py'
[3.453s] [34mcolcon.colcon_core.shell[0m [1;30mINFO[0m Creating prefix chain script '/home/robocon/NPIC01/install/setup.ps1'
[3.455s] [34mcolcon.colcon_core.shell[0m [1;30mINFO[0m Creating prefix script '/home/robocon/NPIC01/install/local_setup.sh'
[3.456s] [34mcolcon.colcon_core.shell[0m [1;30mINFO[0m Creating prefix util module '/home/robocon/NPIC01/install/_local_setup_util_sh.py'
[3.457s] [34mcolcon.colcon_core.shell[0m [1;30mINFO[0m Creating prefix chain script '/home/robocon/NPIC01/install/setup.sh'
[3.459s] [34mcolcon.colcon_core.shell[0m [1;30mINFO[0m Creating prefix script '/home/robocon/NPIC01/install/local_setup.bash'
[3.460s] [34mcolcon.colcon_core.shell[0m [1;30mINFO[0m Creating prefix chain script '/home/robocon/NPIC01/install/setup.bash'
[3.462s] [34mcolcon.colcon_core.shell[0m [1;30mINFO[0m Creating prefix script '/home/robocon/NPIC01/install/local_setup.zsh'
[3.463s] [34mcolcon.colcon_core.shell[0m [1;30mINFO[0m Creating prefix chain script '/home/robocon/NPIC01/install/setup.zsh'
