[1.761s] Invoking command in '/home/robocon/NPIC01/src/silo_tracking': PYTHONPATH=/home/robocon/NPIC01/build/silo_tracking/prefix_override:/usr/lib/python3/dist-packages/colcon_core/task/python/colcon_distutils_commands:/home/robocon/NPIC01/install/silo_tracking/lib/python3.8/site-packages:${PYTHONPATH} /usr/bin/python3 -W ignore:setup.py install is deprecated setup.py egg_info --egg-base ../../build/silo_tracking build --build-base /home/robocon/NPIC01/build/silo_tracking/build install --record /home/robocon/NPIC01/build/silo_tracking/install.log --install-scripts $base/lib/silo_tracking --single-version-externally-managed install_data
[2.093s] running egg_info
[2.094s] writing ../../build/silo_tracking/silo_tracking.egg-info/PKG-INFO
[2.094s] writing dependency_links to ../../build/silo_tracking/silo_tracking.egg-info/dependency_links.txt
[2.095s] writing entry points to ../../build/silo_tracking/silo_tracking.egg-info/entry_points.txt
[2.095s] writing requirements to ../../build/silo_tracking/silo_tracking.egg-info/requires.txt
[2.095s] writing top-level names to ../../build/silo_tracking/silo_tracking.egg-info/top_level.txt
[2.140s] reading manifest file '../../build/silo_tracking/silo_tracking.egg-info/SOURCES.txt'
[2.141s] writing manifest file '../../build/silo_tracking/silo_tracking.egg-info/SOURCES.txt'
[2.141s] running build
[2.141s] running build_py
[2.141s] running install
[2.143s] running install_lib
[2.145s] running install_data
[2.145s] running install_egg_info
[2.147s] removing '/home/robocon/NPIC01/install/silo_tracking/lib/python3.8/site-packages/silo_tracking-0.0.0-py3.8.egg-info' (and everything under it)
[2.148s] Copying ../../build/silo_tracking/silo_tracking.egg-info to /home/robocon/NPIC01/install/silo_tracking/lib/python3.8/site-packages/silo_tracking-0.0.0-py3.8.egg-info
[2.149s] running install_scripts
[2.177s] writing list of installed files to '/home/robocon/NPIC01/build/silo_tracking/install.log'
[2.227s] Invoked command in '/home/robocon/NPIC01/src/silo_tracking' returned '0': PYTHONPATH=/home/robocon/NPIC01/build/silo_tracking/prefix_override:/usr/lib/python3/dist-packages/colcon_core/task/python/colcon_distutils_commands:/home/robocon/NPIC01/install/silo_tracking/lib/python3.8/site-packages:${PYTHONPATH} /usr/bin/python3 -W ignore:setup.py install is deprecated setup.py egg_info --egg-base ../../build/silo_tracking build --build-base /home/robocon/NPIC01/build/silo_tracking/build install --record /home/robocon/NPIC01/build/silo_tracking/install.log --install-scripts $base/lib/silo_tracking --single-version-externally-managed install_data
